{
  "RSpec": {
    "coverage": {
      "/mnt/c/Users/zacde/College/Spring 2019/169/Project-Elevate/spec/models/user_spec.rb": [
        1,
        null,
        1,
        1,
        1,
        2,
        null,
        null,
        null,
        null,
        null,
        2,
        8,
        null,
        null,
        null,
        1,
        1,
        null,
        null,
        1,
        1,
        1,
        null,
        null,
        null
      ],
      "/mnt/c/Users/zacde/College/Spring 2019/169/Project-Elevate/spec/rails_helper.rb": [
        null,
        1,
        1,
        1,
        null,
        1,
        null,
        null,
        null,
        null,
        null,
        null,
        null,
        null,
        null,
        null,
        null,
        null,
        null,
        null,
        null,
        null,
        null,
        null,
        null,
        null,
        1,
        null,
        1,
        null,
        null,
        null,
        null,
        null,
        null,
        null,
        1,
        1,
        null,
        0,
        0,
        null,
        1,
        null,
        1,
        null,
        null,
        null,
        null,
        1,
        null,
        null,
        null,
        null,
        null,
        null,
        null,
        null,
        null,
        null,
        null,
        null,
        null,
        null,
        1,
        null,
        null,
        1,
        null,
        null,
        null
      ],
      "/mnt/c/Users/zacde/College/Spring 2019/169/Project-Elevate/config/environment.rb": [
        null,
        1,
        null,
        null,
        1
      ],
      "/mnt/c/Users/zacde/College/Spring 2019/169/Project-Elevate/config/application.rb": [
        1,
        null,
        1,
        null,
        null,
        null,
        1,
        null,
        1,
        1,
        null,
        1,
        null,
        null,
        null,
        null,
        null,
        null,
        null
      ],
      "/mnt/c/Users/zacde/College/Spring 2019/169/Project-Elevate/config/boot.rb": [
        1,
        null,
        1,
        1
      ],
      "/mnt/c/Users/zacde/College/Spring 2019/169/Project-Elevate/config/environments/test.rb": [
        1,
        null,
        null,
        null,
        null,
        null,
        null,
        1,
        null,
        null,
        null,
        null,
        1,
        null,
        null,
        1,
        1,
        null,
        null,
        null,
        null,
        1,
        1,
        null,
        null,
        1,
        null,
        null,
        1,
        null,
        null,
        1,
        null,
        1,
        null,
        null,
        null,
        null,
        1,
        null,
        null,
        1,
        null,
        null,
        null,
        null
      ],
      "/mnt/c/Users/zacde/College/Spring 2019/169/Project-Elevate/config/initializers/application_controller_renderer.rb": [
        null,
        null,
        null,
        null,
        null,
        null,
        null,
        null
      ],
      "/mnt/c/Users/zacde/College/Spring 2019/169/Project-Elevate/config/initializers/assets.rb": [
        null,
        null,
        null,
        1,
        null,
        null,
        null,
        null,
        1,
        null,
        null,
        null,
        null,
        null
      ],
      "/mnt/c/Users/zacde/College/Spring 2019/169/Project-Elevate/config/initializers/backtrace_silencers.rb": [
        null,
        null,
        null,
        null,
        null,
        null,
        null
      ],
      "/mnt/c/Users/zacde/College/Spring 2019/169/Project-Elevate/config/initializers/content_security_policy.rb": [
        null,
        null,
        null,
        null,
        null,
        null,
        null,
        null,
        null,
        null,
        null,
        null,
        null,
        null,
        null,
        null,
        null,
        null,
        null,
        null,
        null,
        null,
        null,
        null,
        null
      ],
      "/mnt/c/Users/zacde/College/Spring 2019/169/Project-Elevate/config/initializers/cookies_serializer.rb": [
        null,
        null,
        null,
        null,
        1
      ],
      "/mnt/c/Users/zacde/College/Spring 2019/169/Project-Elevate/config/initializers/devise.rb": [
        null,
        null,
        null,
        null,
        1,
        null,
        null,
        null,
        null,
        null,
        null,
        null,
        null,
        null,
        null,
        null,
        null,
        null,
        null,
        null,
        1,
        null,
        null,
        null,
        null,
        null,
        null,
        null,
        null,
        null,
        null,
        null,
        1,
        null,
        null,
        null,
        null,
        null,
        null,
        null,
        null,
        null,
        null,
        null,
        null,
        null,
        null,
        null,
        null,
        null,
        null,
        null,
        null,
        null,
        1,
        null,
        null,
        null,
        null,
        1,
        null,
        null,
        null,
        null,
        null,
        null,
        null,
        null,
        null,
        null,
        null,
        null,
        null,
        null,
        null,
        null,
        null,
        null,
        null,
        null,
        null,
        null,
        null,
        null,
        null,
        null,
        null,
        null,
        null,
        null,
        1,
        null,
        null,
        null,
        null,
        null,
        null,
        null,
        null,
        null,
        null,
        null,
        null,
        null,
        null,
        null,
        null,
        null,
        null,
        null,
        null,
        null,
        null,
        1,
        null,
        null,
        null,
        null,
        null,
        null,
        null,
        null,
        null,
        null,
        null,
        null,
        null,
        null,
        null,
        null,
        null,
        null,
        null,
        null,
        null,
        null,
        null,
        null,
        null,
        null,
        null,
        null,
        null,
        null,
        null,
        null,
        null,
        1,
        null,
        null,
        null,
        null,
        null,
        null,
        null,
        null,
        null,
        1,
        null,
        null,
        null,
        null,
        null,
        null,
        null,
        null,
        null,
        null,
        1,
        null,
        null,
        null,
        null,
        1,
        null,
        null,
        null,
        null,
        null,
        null,
        null,
        null,
        null,
        null,
        null,
        null,
        null,
        null,
        null,
        null,
        null,
        null,
        null,
        null,
        null,
        null,
        null,
        null,
        null,
        null,
        null,
        null,
        null,
        null,
        null,
        null,
        null,
        null,
        null,
        null,
        null,
        null,
        null,
        null,
        1,
        null,
        null,
        null,
        null,
        null,
        null,
        null,
        null,
        null,
        null,
        null,
        null,
        null,
        null,
        null,
        null,
        null,
        null,
        null,
        null,
        null,
        null,
        null,
        null,
        null,
        null,
        null,
        null,
        null,
        null,
        null,
        null,
        null,
        null,
        null,
        null,
        null,
        null,
        null,
        null,
        null,
        1,
        null,
        null,
        null,
        null,
        null,
        null,
        null,
        null,
        null,
        null,
        null,
        null,
        null,
        null,
        null,
        null,
        null,
        null,
        null,
        null,
        null,
        null,
        null,
        null,
        null,
        null,
        null,
        null,
        null,
        null,
        null,
        null,
        null,
        null,
        null,
        null,
        null,
        null,
        null,
        null,
        null,
        null
      ],
      "/mnt/c/Users/zacde/College/Spring 2019/169/Project-Elevate/config/initializers/filter_parameter_logging.rb": [
        null,
        null,
        null,
        1
      ],
      "/mnt/c/Users/zacde/College/Spring 2019/169/Project-Elevate/config/initializers/inflections.rb": [
        null,
        null,
        null,
        null,
        null,
        null,
        null,
        null,
        null,
        null,
        null,
        null,
        null,
        null,
        null,
        null
      ],
      "/mnt/c/Users/zacde/College/Spring 2019/169/Project-Elevate/config/initializers/mime_types.rb": [
        null,
        null,
        null,
        null
      ],
      "/mnt/c/Users/zacde/College/Spring 2019/169/Project-Elevate/config/initializers/wrap_parameters.rb": [
        null,
        null,
        null,
        null,
        null,
        null,
        1,
        2,
        null,
        null,
        null,
        null,
        null,
        null
      ],
      "/mnt/c/Users/zacde/College/Spring 2019/169/Project-Elevate/test/factories.rb": [
        1,
        1,
        1,
        1,
        1,
        1,
        1,
        null,
        null,
        null,
        null,
        null,
        null
      ],
      "/mnt/c/Users/zacde/College/Spring 2019/169/Project-Elevate/config/routes.rb": [
        1,
        1,
        null,
        1,
        null,
        1,
        null,
        1,
        null,
        1,
        null,
        1,
        null,
        null
      ],
      "/mnt/c/Users/zacde/College/Spring 2019/169/Project-Elevate/app/models/user.rb": [
        1,
        null,
        null,
        1,
        null,
        null,
        null,
        1,
        3,
        null,
        null,
        1,
        0,
        null,
        null,
        1,
        0,
        null,
        null,
        null
      ],
      "/mnt/c/Users/zacde/College/Spring 2019/169/Project-Elevate/app/models/application_record.rb": [
        1,
        1,
        null
      ],
      "/mnt/c/Users/zacde/College/Spring 2019/169/Project-Elevate/app/helpers/application_helper.rb": [
        1,
        null
      ],
      "/mnt/c/Users/zacde/College/Spring 2019/169/Project-Elevate/app/helpers/error_helper.rb": [
        1,
        null
      ],
      "/mnt/c/Users/zacde/College/Spring 2019/169/Project-Elevate/app/helpers/home_helper.rb": [
        1,
        null
      ],
      "/mnt/c/Users/zacde/College/Spring 2019/169/Project-Elevate/app/helpers/user_helper.rb": [
        1,
        null
      ]
    },
    "timestamp": 1554567333
  },
  "Cucumber Features": {
    "coverage": {
      "/mnt/c/Users/zacde/College/Spring 2019/169/Project-Elevate/app/models/user.rb": [
        1,
        null,
        null,
        1,
        null,
        null,
        null,
        1,
        0,
        null,
        null,
        1,
        2,
        null,
        null,
        1,
        2,
        null,
        null,
        null
      ],
      "/mnt/c/Users/zacde/College/Spring 2019/169/Project-Elevate/app/models/application_record.rb": [
        1,
        1,
        null
      ],
      "/mnt/c/Users/zacde/College/Spring 2019/169/Project-Elevate/app/controllers/application_controller.rb": [
        1,
        1,
        null,
        1,
        null,
        1,
        29,
        29,
        29,
        null,
        null,
        null,
        null,
        null,
        null,
        null,
        null,
        null,
        null,
        null,
        null,
        null,
        null,
        null,
        null,
        null,
        null,
        null
      ],
      "/mnt/c/Users/zacde/College/Spring 2019/169/Project-Elevate/app/helpers/application_helper.rb": [
        1,
        null
      ],
      "/mnt/c/Users/zacde/College/Spring 2019/169/Project-Elevate/app/helpers/error_helper.rb": [
        1,
        null
      ],
      "/mnt/c/Users/zacde/College/Spring 2019/169/Project-Elevate/app/helpers/home_helper.rb": [
        1,
        null
      ],
      "/mnt/c/Users/zacde/College/Spring 2019/169/Project-Elevate/app/helpers/user_helper.rb": [
        1,
        null
      ],
      "/mnt/c/Users/zacde/College/Spring 2019/169/Project-Elevate/app/controllers/home_controller.rb": [
        1,
        null,
        null,
        null,
        null,
        null,
        1,
        null,
        null,
        null,
        null,
        null,
        null
      ],
      "/mnt/c/Users/zacde/College/Spring 2019/169/Project-Elevate/app/controllers/user_controller.rb": [
        1,
        1,
        null,
        1,
        0,
        0,
        null,
        null,
        1,
        null,
        null,
        null,
        null,
        null,
        null,
        6,
        6,
        1,
        null,
        5,
        2,
        2,
        null,
        3,
        1,
        null,
        2,
        2,
        2,
        null,
        null,
        null,
        null,
        null,
        null
      ],
      "/mnt/c/Users/zacde/College/Spring 2019/169/Project-Elevate/app/controllers/error_controller.rb": [
        1,
        1,
        3,
        3,
        3,
        3,
        null,
        null,
        null
      ],
      "/mnt/c/Users/zacde/College/Spring 2019/169/Project-Elevate/app/channels/application_cable/channel.rb": [
        0,
        0,
        0,
        0
      ],
      "/mnt/c/Users/zacde/College/Spring 2019/169/Project-Elevate/app/channels/application_cable/connection.rb": [
        0,
        0,
        0,
        0
      ],
      "/mnt/c/Users/zacde/College/Spring 2019/169/Project-Elevate/app/jobs/application_job.rb": [
        0,
        0
      ],
      "/mnt/c/Users/zacde/College/Spring 2019/169/Project-Elevate/app/mailers/application_mailer.rb": [
        0,
        0,
        0,
        0
      ]
    },
    "timestamp": 1554501727
  }
}
